[2025-03-14 15:41:36Z INFO HostContext] No proxy settings were found based on environmental variables (http_proxy/https_proxy/HTTP_PROXY/HTTPS_PROXY)
[2025-03-14 15:41:36Z INFO HostContext] Well known directory 'Bin': '/Users/kk/devopsprj/myapp/actions-runner/bin'
[2025-03-14 15:41:36Z INFO HostContext] Well known directory 'Root': '/Users/kk/devopsprj/myapp/actions-runner'
[2025-03-14 15:41:36Z INFO HostContext] Well known config file 'Credentials': '/Users/kk/devopsprj/myapp/actions-runner/.credentials'
[2025-03-14 15:41:36Z INFO HostContext] Well known directory 'Bin': '/Users/kk/devopsprj/myapp/actions-runner/bin'
[2025-03-14 15:41:36Z INFO HostContext] Well known directory 'Root': '/Users/kk/devopsprj/myapp/actions-runner'
[2025-03-14 15:41:36Z INFO HostContext] Well known config file 'Runner': '/Users/kk/devopsprj/myapp/actions-runner/.runner'
[2025-03-14 15:41:36Z INFO Listener] Runner is built for OSX (Arm64) - osx-arm64.
[2025-03-14 15:41:36Z INFO Listener] RuntimeInformation: Darwin 24.3.0 Darwin Kernel Version 24.3.0: Thu Jan  2 20:31:46 PST 2025; root:xnu-11215.81.4~4/RELEASE_ARM64_T8132.
[2025-03-14 15:41:36Z INFO Listener] Version: 2.322.0
[2025-03-14 15:41:36Z INFO Listener] Commit: 0edc478ca75d0a753dcbcec7405f3f26db67b1ac
[2025-03-14 15:41:36Z INFO Listener] Culture: en-US
[2025-03-14 15:41:36Z INFO Listener] UI Culture: en-US
[2025-03-14 15:41:36Z INFO HostContext] Well known directory 'Bin': '/Users/kk/devopsprj/myapp/actions-runner/bin'
[2025-03-14 15:41:36Z INFO HostContext] Well known directory 'Root': '/Users/kk/devopsprj/myapp/actions-runner'
[2025-03-14 15:41:36Z INFO Listener] Validating directory permissions for: '/Users/kk/devopsprj/myapp/actions-runner'
[2025-03-14 15:41:36Z INFO CommandLineParser] Parse
[2025-03-14 15:41:36Z INFO CommandLineParser] Parsing 1 args
[2025-03-14 15:41:36Z INFO CommandLineParser] parsing argument
[2025-03-14 15:41:36Z INFO CommandLineParser] HasArgs: False
[2025-03-14 15:41:36Z INFO CommandLineParser] Adding Command: run
[2025-03-14 15:41:36Z INFO Listener] Arguments parsed
[2025-03-14 15:41:36Z INFO Runner] ExecuteCommand
[2025-03-14 15:41:36Z INFO ConfigurationStore] currentAssemblyLocation: /Users/kk/devopsprj/myapp/actions-runner/bin/Runner.Listener.dll
[2025-03-14 15:41:36Z INFO HostContext] Well known directory 'Bin': '/Users/kk/devopsprj/myapp/actions-runner/bin'
[2025-03-14 15:41:36Z INFO ConfigurationStore] binPath: /Users/kk/devopsprj/myapp/actions-runner/bin
[2025-03-14 15:41:36Z INFO HostContext] Well known directory 'Bin': '/Users/kk/devopsprj/myapp/actions-runner/bin'
[2025-03-14 15:41:36Z INFO HostContext] Well known directory 'Root': '/Users/kk/devopsprj/myapp/actions-runner'
[2025-03-14 15:41:36Z INFO ConfigurationStore] RootFolder: /Users/kk/devopsprj/myapp/actions-runner
[2025-03-14 15:41:36Z INFO HostContext] Well known directory 'Bin': '/Users/kk/devopsprj/myapp/actions-runner/bin'
[2025-03-14 15:41:36Z INFO HostContext] Well known directory 'Root': '/Users/kk/devopsprj/myapp/actions-runner'
[2025-03-14 15:41:36Z INFO HostContext] Well known config file 'Runner': '/Users/kk/devopsprj/myapp/actions-runner/.runner'
[2025-03-14 15:41:36Z INFO ConfigurationStore] ConfigFilePath: /Users/kk/devopsprj/myapp/actions-runner/.runner
[2025-03-14 15:41:36Z INFO HostContext] Well known directory 'Bin': '/Users/kk/devopsprj/myapp/actions-runner/bin'
[2025-03-14 15:41:36Z INFO HostContext] Well known directory 'Root': '/Users/kk/devopsprj/myapp/actions-runner'
[2025-03-14 15:41:36Z INFO HostContext] Well known config file 'Credentials': '/Users/kk/devopsprj/myapp/actions-runner/.credentials'
[2025-03-14 15:41:36Z INFO ConfigurationStore] CredFilePath: /Users/kk/devopsprj/myapp/actions-runner/.credentials
[2025-03-14 15:41:36Z INFO HostContext] Well known directory 'Bin': '/Users/kk/devopsprj/myapp/actions-runner/bin'
[2025-03-14 15:41:36Z INFO HostContext] Well known directory 'Root': '/Users/kk/devopsprj/myapp/actions-runner'
[2025-03-14 15:41:36Z INFO HostContext] Well known config file 'MigratedCredentials': '/Users/kk/devopsprj/myapp/actions-runner/.credentials_migrated'
[2025-03-14 15:41:36Z INFO ConfigurationStore] MigratedCredFilePath: /Users/kk/devopsprj/myapp/actions-runner/.credentials_migrated
[2025-03-14 15:41:36Z INFO HostContext] Well known directory 'Bin': '/Users/kk/devopsprj/myapp/actions-runner/bin'
[2025-03-14 15:41:36Z INFO HostContext] Well known directory 'Root': '/Users/kk/devopsprj/myapp/actions-runner'
[2025-03-14 15:41:36Z INFO HostContext] Well known config file 'Service': '/Users/kk/devopsprj/myapp/actions-runner/.service'
[2025-03-14 15:41:36Z INFO ConfigurationStore] ServiceConfigFilePath: /Users/kk/devopsprj/myapp/actions-runner/.service
[2025-03-14 15:41:36Z INFO CommandSettings] Flag 'help': 'False'
[2025-03-14 15:41:36Z INFO CommandSettings] Flag 'version': 'False'
[2025-03-14 15:41:36Z INFO CommandSettings] Flag 'commit': 'False'
[2025-03-14 15:41:36Z INFO CommandSettings] Flag 'check': 'False'
[2025-03-14 15:41:36Z INFO CommandSettings] Command 'configure': 'False'
[2025-03-14 15:41:36Z INFO CommandSettings] Command 'remove': 'False'
[2025-03-14 15:41:36Z INFO CommandSettings] Command 'warmup': 'False'
[2025-03-14 15:41:36Z INFO ConfigurationManager] LoadSettings
[2025-03-14 15:41:36Z INFO ConfigurationStore] IsConfigured()
[2025-03-14 15:41:36Z INFO ConfigurationStore] IsConfigured: True
[2025-03-14 15:41:36Z INFO ConfigurationManager] Is configured: True
[2025-03-14 15:41:36Z INFO ConfigurationStore] Read setting file: 286 chars
[2025-03-14 15:41:36Z INFO ConfigurationManager] Settings Loaded
[2025-03-14 15:41:36Z INFO ConfigurationStore] IsServiceConfigured()
[2025-03-14 15:41:36Z INFO ConfigurationStore] IsServiceConfigured: False
[2025-03-14 15:41:36Z INFO CommandSettings] Command 'run': 'True'
[2025-03-14 15:41:36Z INFO ConfigurationStore] IsConfigured()
[2025-03-14 15:41:36Z INFO ConfigurationStore] IsConfigured: True
[2025-03-14 15:41:36Z INFO ConfigurationManager] Is configured: True
[2025-03-14 15:41:36Z INFO Runner] Could not parse the argument value '' for StartupType. Defaulting to Manual
[2025-03-14 15:41:36Z INFO Runner] Set runner startup type - Manual
[2025-03-14 15:41:36Z INFO CommandSettings] Flag 'once': 'False'
[2025-03-14 15:41:36Z INFO CommandSettings] Flag 'once': 'False'
[2025-03-14 15:41:36Z INFO Runner] RunAsync
[2025-03-14 15:41:36Z INFO ConfigurationManager] LoadSettings
[2025-03-14 15:41:36Z INFO ConfigurationStore] IsConfigured()
[2025-03-14 15:41:36Z INFO ConfigurationStore] IsConfigured: True
[2025-03-14 15:41:36Z INFO ConfigurationManager] Is configured: True
[2025-03-14 15:41:36Z INFO ConfigurationManager] Settings Loaded
[2025-03-14 15:41:36Z INFO MessageListener] {
  "AgentId": 2,
  "AgentName": "Mac",
  "PoolId": 1,
  "PoolName": "Default",
  "ServerUrl": "https://pipelinesghubeus15.actions.githubusercontent.com/EkTdjta8nS28Ms9S630XtsubsHshPTitAuN8ffIeVlkULdLq5o/",
  "GitHubUrl": "https://github.com/kabinkumar/myapp",
  "WorkFolder": "_work"
}
[2025-03-14 15:41:36Z INFO MessageListener] Loading Credentials
[2025-03-14 15:41:36Z INFO ConfigurationStore] HasCredentials()
[2025-03-14 15:41:36Z INFO ConfigurationStore] stored True
[2025-03-14 15:41:36Z INFO CredentialManager] GetCredentialProvider
[2025-03-14 15:41:36Z INFO CredentialManager] Creating type OAuth
[2025-03-14 15:41:36Z INFO CredentialManager] Creating credential type: OAuth
[2025-03-14 15:41:36Z INFO HostContext] Well known directory 'Bin': '/Users/kk/devopsprj/myapp/actions-runner/bin'
[2025-03-14 15:41:36Z INFO HostContext] Well known directory 'Root': '/Users/kk/devopsprj/myapp/actions-runner'
[2025-03-14 15:41:36Z INFO HostContext] Well known config file 'RSACredentials': '/Users/kk/devopsprj/myapp/actions-runner/.credentials_rsaparams'
[2025-03-14 15:41:36Z INFO RSAFileKeyManager] Loading RSA key parameters from file /Users/kk/devopsprj/myapp/actions-runner/.credentials_rsaparams
[2025-03-14 15:41:36Z INFO MessageListener] Attempt to create session.
[2025-03-14 15:41:36Z INFO MessageListener] Connecting to the Runner Server...
[2025-03-14 15:41:36Z INFO RunnerServer] EstablishVssConnection
[2025-03-14 15:41:36Z INFO RunnerServer] Establish connection with 100 seconds timeout.
[2025-03-14 15:41:36Z INFO GitHubActionsService] Starting operation Location.GetConnectionData
[2025-03-14 15:41:36Z INFO RunnerServer] EstablishVssConnection
[2025-03-14 15:41:36Z INFO RunnerServer] Establish connection with 60 seconds timeout.
[2025-03-14 15:41:36Z INFO GitHubActionsService] Starting operation Location.GetConnectionData
[2025-03-14 15:41:36Z INFO RunnerServer] EstablishVssConnection
[2025-03-14 15:41:36Z INFO RunnerServer] Establish connection with 60 seconds timeout.
[2025-03-14 15:41:36Z INFO GitHubActionsService] Starting operation Location.GetConnectionData
[2025-03-14 15:41:38Z INFO GitHubActionsService] Finished operation Location.GetConnectionData
[2025-03-14 15:41:38Z INFO GitHubActionsService] Finished operation Location.GetConnectionData
[2025-03-14 15:41:38Z INFO GitHubActionsService] Finished operation Location.GetConnectionData
[2025-03-14 15:41:38Z INFO MessageListener] VssConnection created
[2025-03-14 15:41:38Z INFO Terminal] WRITE LINE: 
[2025-03-14 15:41:38Z INFO Terminal] WRITE LINE: 
[2025-03-14 15:41:38Z INFO RSAFileKeyManager] Loading RSA key parameters from file /Users/kk/devopsprj/myapp/actions-runner/.credentials_rsaparams
[2025-03-14 15:41:38Z INFO RSAFileKeyManager] Loading RSA key parameters from file /Users/kk/devopsprj/myapp/actions-runner/.credentials_rsaparams
[2025-03-14 15:41:39Z INFO GitHubActionsService] AAD Correlation ID for this token request: Unknown
[2025-03-14 15:41:40Z INFO MessageListener] Session created.
[2025-03-14 15:41:40Z INFO Terminal] WRITE LINE: Current runner version: '2.322.0'
[2025-03-14 15:41:40Z INFO Terminal] WRITE LINE: 2025-03-14 15:41:40Z: Listening for Jobs
[2025-03-14 15:41:40Z INFO JobDispatcher] Set runner/worker IPC timeout to 30 seconds.
[2025-03-14 15:41:40Z INFO RSAFileKeyManager] Loading RSA key parameters from file /Users/kk/devopsprj/myapp/actions-runner/.credentials_rsaparams
[2025-03-14 15:41:41Z INFO GitHubActionsService] AAD Correlation ID for this token request: Unknown
[2025-03-14 15:46:39Z INFO MessageListener] Message '7539017133581953033' received from session '82af5fd2-ed7a-485d-bbb0-94ae814fa6ab'.
[2025-03-14 15:46:39Z INFO ConfigurationStore] HasCredentials()
[2025-03-14 15:46:39Z INFO ConfigurationStore] stored True
[2025-03-14 15:46:39Z INFO CredentialManager] GetCredentialProvider
[2025-03-14 15:46:39Z INFO CredentialManager] Creating type OAuth
[2025-03-14 15:46:39Z INFO CredentialManager] Creating credential type: OAuth
[2025-03-14 15:46:39Z INFO RSAFileKeyManager] Loading RSA key parameters from file /Users/kk/devopsprj/myapp/actions-runner/.credentials_rsaparams
[2025-03-14 15:46:39Z INFO RSAFileKeyManager] Loading RSA key parameters from file /Users/kk/devopsprj/myapp/actions-runner/.credentials_rsaparams
[2025-03-14 15:46:39Z INFO RSAFileKeyManager] Loading RSA key parameters from file /Users/kk/devopsprj/myapp/actions-runner/.credentials_rsaparams
[2025-03-14 15:46:42Z INFO GitHubActionsService] AAD Correlation ID for this token request: Unknown
[2025-03-14 15:46:42Z WARN GitHubActionsService] Retrieving an AAD auth token took a long time (2.4331427 seconds)
[2025-03-14 15:46:46Z INFO JobDispatcher] Job request 0 for plan 8da3e2cb-2fcf-4597-b0de-cf9489125dea job 7310dbf1-b291-565d-af22-22c3d1b5a242 received.
[2025-03-14 15:46:46Z INFO MessageListener] Received job status event. JobState: Busy
[2025-03-14 15:46:46Z INFO MessageListener] _getMessagesTokenSource is already disposed.
[2025-03-14 15:46:46Z INFO Terminal] WRITE LINE: 2025-03-14 15:46:46Z: Running job: deploy
[2025-03-14 15:46:46Z INFO JobDispatcher] Start renew job request 0 for job 7310dbf1-b291-565d-af22-22c3d1b5a242.
[2025-03-14 15:46:47Z INFO JobDispatcher] Successfully renew job 7310dbf1-b291-565d-af22-22c3d1b5a242, job is valid till 3/14/2025 3:56:47 PM
[2025-03-14 15:46:47Z INFO HostContext] Well known directory 'Bin': '/Users/kk/devopsprj/myapp/actions-runner/bin'
[2025-03-14 15:46:47Z INFO ProcessInvokerWrapper] Starting process:
[2025-03-14 15:46:47Z INFO ProcessInvokerWrapper]   File name: '/Users/kk/devopsprj/myapp/actions-runner/bin/Runner.Worker'
[2025-03-14 15:46:47Z INFO ProcessInvokerWrapper]   Arguments: 'spawnclient 150 153'
[2025-03-14 15:46:47Z INFO ProcessInvokerWrapper]   Working directory: '/Users/kk/devopsprj/myapp/actions-runner/bin'
[2025-03-14 15:46:47Z INFO ProcessInvokerWrapper]   Require exit code zero: 'False'
[2025-03-14 15:46:47Z INFO ProcessInvokerWrapper]   Encoding web name:  ; code page: ''
[2025-03-14 15:46:47Z INFO ProcessInvokerWrapper]   Force kill process on cancellation: 'True'
[2025-03-14 15:46:47Z INFO ProcessInvokerWrapper]   Redirected STDIN: 'False'
[2025-03-14 15:46:47Z INFO ProcessInvokerWrapper]   Persist current code page: 'False'
[2025-03-14 15:46:47Z INFO ProcessInvokerWrapper]   Keep redirected STDIN open: 'False'
[2025-03-14 15:46:47Z INFO ProcessInvokerWrapper]   High priority process: 'True'
[2025-03-14 15:46:47Z INFO ProcessInvokerWrapper] Process started with process id 15410, waiting for process exit.
[2025-03-14 15:46:47Z INFO JobDispatcher] Send job request message to worker for job 7310dbf1-b291-565d-af22-22c3d1b5a242.
[2025-03-14 15:46:47Z INFO ProcessChannel] Sending message of length 20986, with hash '3643529e746443ce6f7026a9b5e0dd4ccc468767b4d8b0124e3138034bb6899b'
[2025-03-14 15:46:47Z INFO JobNotification] Entering JobStarted Notification
[2025-03-14 15:46:47Z INFO JobNotification] Entering StartMonitor
[2025-03-14 15:47:47Z INFO JobDispatcher] Successfully renew job 7310dbf1-b291-565d-af22-22c3d1b5a242, job is valid till 3/14/2025 3:57:47 PM
[2025-03-14 15:48:47Z INFO JobDispatcher] Successfully renew job 7310dbf1-b291-565d-af22-22c3d1b5a242, job is valid till 3/14/2025 3:58:47 PM
[2025-03-14 15:49:01Z INFO ProcessInvokerWrapper] STDOUT/STDERR stream read finished.
[2025-03-14 15:49:01Z INFO ProcessInvokerWrapper] STDOUT/STDERR stream read finished.
[2025-03-14 15:49:01Z INFO ProcessInvokerWrapper] Finished process 15410 with exit code 102, and elapsed time 00:02:14.7061407.
[2025-03-14 15:49:01Z INFO JobDispatcher] Worker finished for job 7310dbf1-b291-565d-af22-22c3d1b5a242. Code: 102
[2025-03-14 15:49:01Z INFO JobDispatcher] finish job request for job 7310dbf1-b291-565d-af22-22c3d1b5a242 with result: Failed
[2025-03-14 15:49:01Z INFO Terminal] WRITE LINE: 2025-03-14 15:49:01Z: Job deploy completed with result: Failed
[2025-03-14 15:49:01Z INFO JobDispatcher] Stop renew job request for job 7310dbf1-b291-565d-af22-22c3d1b5a242.
[2025-03-14 15:49:01Z INFO JobDispatcher] job renew has been cancelled, stop renew job 7310dbf1-b291-565d-af22-22c3d1b5a242.
[2025-03-14 15:49:01Z INFO JobNotification] Entering JobCompleted Notification
[2025-03-14 15:49:01Z INFO JobNotification] Entering EndMonitor
[2025-03-14 15:49:01Z INFO MessageListener] Received job status event. JobState: Online
[2025-03-14 15:50:50Z INFO MessageListener] Message '3355234569947314324' received from session '82af5fd2-ed7a-485d-bbb0-94ae814fa6ab'.
[2025-03-14 15:50:50Z INFO ConfigurationStore] HasCredentials()
[2025-03-14 15:50:50Z INFO ConfigurationStore] stored True
[2025-03-14 15:50:50Z INFO CredentialManager] GetCredentialProvider
[2025-03-14 15:50:50Z INFO CredentialManager] Creating type OAuth
[2025-03-14 15:50:50Z INFO CredentialManager] Creating credential type: OAuth
[2025-03-14 15:50:50Z INFO RSAFileKeyManager] Loading RSA key parameters from file /Users/kk/devopsprj/myapp/actions-runner/.credentials_rsaparams
[2025-03-14 15:50:50Z INFO RSAFileKeyManager] Loading RSA key parameters from file /Users/kk/devopsprj/myapp/actions-runner/.credentials_rsaparams
[2025-03-14 15:50:50Z INFO RSAFileKeyManager] Loading RSA key parameters from file /Users/kk/devopsprj/myapp/actions-runner/.credentials_rsaparams
[2025-03-14 15:50:51Z INFO GitHubActionsService] AAD Correlation ID for this token request: Unknown
[2025-03-14 15:50:54Z INFO JobDispatcher] Job request 0 for plan 1fb4ce5e-52a4-4b3b-8484-27fa504acaff job 25bc95c3-f02a-5ca9-af7f-958bd89b3a4c received.
[2025-03-14 15:50:54Z INFO MessageListener] Received job status event. JobState: Busy
[2025-03-14 15:50:54Z INFO MessageListener] _getMessagesTokenSource is already disposed.
[2025-03-14 15:50:54Z INFO JobDispatcher] Job request 7310dbf1-b291-565d-af22-22c3d1b5a242 processed succeed.
[2025-03-14 15:50:54Z INFO Terminal] WRITE LINE: 2025-03-14 15:50:54Z: Running job: deploy
[2025-03-14 15:50:54Z INFO JobDispatcher] Start renew job request 0 for job 25bc95c3-f02a-5ca9-af7f-958bd89b3a4c.
[2025-03-14 15:50:55Z INFO JobDispatcher] Successfully renew job 25bc95c3-f02a-5ca9-af7f-958bd89b3a4c, job is valid till 3/14/2025 4:00:55 PM
[2025-03-14 15:50:55Z INFO HostContext] Well known directory 'Bin': '/Users/kk/devopsprj/myapp/actions-runner/bin'
[2025-03-14 15:50:55Z INFO ProcessInvokerWrapper] Starting process:
[2025-03-14 15:50:55Z INFO ProcessInvokerWrapper]   File name: '/Users/kk/devopsprj/myapp/actions-runner/bin/Runner.Worker'
[2025-03-14 15:50:55Z INFO ProcessInvokerWrapper]   Arguments: 'spawnclient 150 153'
[2025-03-14 15:50:55Z INFO ProcessInvokerWrapper]   Working directory: '/Users/kk/devopsprj/myapp/actions-runner/bin'
[2025-03-14 15:50:55Z INFO ProcessInvokerWrapper]   Require exit code zero: 'False'
[2025-03-14 15:50:55Z INFO ProcessInvokerWrapper]   Encoding web name:  ; code page: ''
[2025-03-14 15:50:55Z INFO ProcessInvokerWrapper]   Force kill process on cancellation: 'True'
[2025-03-14 15:50:55Z INFO ProcessInvokerWrapper]   Redirected STDIN: 'False'
[2025-03-14 15:50:55Z INFO ProcessInvokerWrapper]   Persist current code page: 'False'
[2025-03-14 15:50:55Z INFO ProcessInvokerWrapper]   Keep redirected STDIN open: 'False'
[2025-03-14 15:50:55Z INFO ProcessInvokerWrapper]   High priority process: 'True'
[2025-03-14 15:50:55Z INFO ProcessInvokerWrapper] Process started with process id 15847, waiting for process exit.
[2025-03-14 15:50:55Z INFO JobDispatcher] Send job request message to worker for job 25bc95c3-f02a-5ca9-af7f-958bd89b3a4c.
[2025-03-14 15:50:55Z INFO ProcessChannel] Sending message of length 20959, with hash 'f38f3cdea79ee38a4fbd147a3c67e2e35682596b74c20eb46fb7200e6c3df02d'
[2025-03-14 15:50:55Z INFO JobNotification] Entering JobStarted Notification
[2025-03-14 15:50:55Z INFO JobNotification] Entering StartMonitor
[2025-03-14 15:51:20Z INFO ProcessInvokerWrapper] STDOUT/STDERR stream read finished.
[2025-03-14 15:51:20Z INFO ProcessInvokerWrapper] STDOUT/STDERR stream read finished.
[2025-03-14 15:51:20Z INFO ProcessInvokerWrapper] Finished process 15847 with exit code 100, and elapsed time 00:00:24.7631443.
[2025-03-14 15:51:20Z INFO JobDispatcher] Worker finished for job 25bc95c3-f02a-5ca9-af7f-958bd89b3a4c. Code: 100
[2025-03-14 15:51:20Z INFO JobDispatcher] finish job request for job 25bc95c3-f02a-5ca9-af7f-958bd89b3a4c with result: Succeeded
[2025-03-14 15:51:20Z INFO Terminal] WRITE LINE: 2025-03-14 15:51:20Z: Job deploy completed with result: Succeeded
[2025-03-14 15:51:20Z INFO JobDispatcher] Stop renew job request for job 25bc95c3-f02a-5ca9-af7f-958bd89b3a4c.
[2025-03-14 15:51:20Z INFO JobDispatcher] job renew has been cancelled, stop renew job 25bc95c3-f02a-5ca9-af7f-958bd89b3a4c.
[2025-03-14 15:51:20Z INFO JobNotification] Entering JobCompleted Notification
[2025-03-14 15:51:20Z INFO JobNotification] Entering EndMonitor
[2025-03-14 15:51:20Z INFO MessageListener] Received job status event. JobState: Online
[2025-03-14 15:54:43Z INFO MessageListener] Message '7132977540164060663' received from session '82af5fd2-ed7a-485d-bbb0-94ae814fa6ab'.
[2025-03-14 15:54:43Z INFO ConfigurationStore] HasCredentials()
[2025-03-14 15:54:43Z INFO ConfigurationStore] stored True
[2025-03-14 15:54:43Z INFO CredentialManager] GetCredentialProvider
[2025-03-14 15:54:43Z INFO CredentialManager] Creating type OAuth
[2025-03-14 15:54:43Z INFO CredentialManager] Creating credential type: OAuth
[2025-03-14 15:54:43Z INFO RSAFileKeyManager] Loading RSA key parameters from file /Users/kk/devopsprj/myapp/actions-runner/.credentials_rsaparams
[2025-03-14 15:54:43Z INFO RSAFileKeyManager] Loading RSA key parameters from file /Users/kk/devopsprj/myapp/actions-runner/.credentials_rsaparams
[2025-03-14 15:54:43Z INFO RSAFileKeyManager] Loading RSA key parameters from file /Users/kk/devopsprj/myapp/actions-runner/.credentials_rsaparams
[2025-03-14 15:54:44Z INFO GitHubActionsService] AAD Correlation ID for this token request: Unknown
[2025-03-14 15:54:46Z INFO JobDispatcher] Job request 0 for plan b5b6b6d1-62c2-444e-ab84-d965af7b65dc job ce292ddf-6a19-5c8d-b0d9-0f2ca3c46c38 received.
[2025-03-14 15:54:46Z INFO MessageListener] Received job status event. JobState: Busy
[2025-03-14 15:54:46Z INFO MessageListener] _getMessagesTokenSource is already disposed.
[2025-03-14 15:54:46Z INFO JobDispatcher] Job request 25bc95c3-f02a-5ca9-af7f-958bd89b3a4c processed succeed.
[2025-03-14 15:54:46Z INFO Terminal] WRITE LINE: 2025-03-14 15:54:46Z: Running job: deploy
[2025-03-14 15:54:46Z INFO JobDispatcher] Start renew job request 0 for job ce292ddf-6a19-5c8d-b0d9-0f2ca3c46c38.
[2025-03-14 15:54:47Z INFO JobDispatcher] Successfully renew job ce292ddf-6a19-5c8d-b0d9-0f2ca3c46c38, job is valid till 3/14/2025 4:04:47 PM
[2025-03-14 15:54:47Z INFO HostContext] Well known directory 'Bin': '/Users/kk/devopsprj/myapp/actions-runner/bin'
[2025-03-14 15:54:47Z INFO ProcessInvokerWrapper] Starting process:
[2025-03-14 15:54:47Z INFO ProcessInvokerWrapper]   File name: '/Users/kk/devopsprj/myapp/actions-runner/bin/Runner.Worker'
[2025-03-14 15:54:47Z INFO ProcessInvokerWrapper]   Arguments: 'spawnclient 150 153'
[2025-03-14 15:54:47Z INFO ProcessInvokerWrapper]   Working directory: '/Users/kk/devopsprj/myapp/actions-runner/bin'
[2025-03-14 15:54:47Z INFO ProcessInvokerWrapper]   Require exit code zero: 'False'
[2025-03-14 15:54:47Z INFO ProcessInvokerWrapper]   Encoding web name:  ; code page: ''
[2025-03-14 15:54:47Z INFO ProcessInvokerWrapper]   Force kill process on cancellation: 'True'
[2025-03-14 15:54:47Z INFO ProcessInvokerWrapper]   Redirected STDIN: 'False'
[2025-03-14 15:54:47Z INFO ProcessInvokerWrapper]   Persist current code page: 'False'
[2025-03-14 15:54:47Z INFO ProcessInvokerWrapper]   Keep redirected STDIN open: 'False'
[2025-03-14 15:54:47Z INFO ProcessInvokerWrapper]   High priority process: 'True'
[2025-03-14 15:54:47Z INFO ProcessInvokerWrapper] Process started with process id 16096, waiting for process exit.
[2025-03-14 15:54:47Z INFO JobDispatcher] Send job request message to worker for job ce292ddf-6a19-5c8d-b0d9-0f2ca3c46c38.
[2025-03-14 15:54:47Z INFO ProcessChannel] Sending message of length 20958, with hash '371d7442eae02d99aaf49daaf5ee0f47ab5a48ea8cae2fe07d643a835b6aa504'
[2025-03-14 15:54:47Z INFO JobNotification] Entering JobStarted Notification
[2025-03-14 15:54:47Z INFO JobNotification] Entering StartMonitor
[2025-03-14 15:55:47Z INFO JobDispatcher] Successfully renew job ce292ddf-6a19-5c8d-b0d9-0f2ca3c46c38, job is valid till 3/14/2025 4:05:47 PM
[2025-03-14 15:56:06Z INFO ProcessInvokerWrapper] STDOUT/STDERR stream read finished.
[2025-03-14 15:56:06Z INFO ProcessInvokerWrapper] STDOUT/STDERR stream read finished.
[2025-03-14 15:56:06Z INFO ProcessInvokerWrapper] Finished process 16096 with exit code 102, and elapsed time 00:01:18.4032815.
[2025-03-14 15:56:06Z INFO JobDispatcher] Worker finished for job ce292ddf-6a19-5c8d-b0d9-0f2ca3c46c38. Code: 102
[2025-03-14 15:56:06Z INFO JobDispatcher] finish job request for job ce292ddf-6a19-5c8d-b0d9-0f2ca3c46c38 with result: Failed
[2025-03-14 15:56:06Z INFO Terminal] WRITE LINE: 2025-03-14 15:56:06Z: Job deploy completed with result: Failed
[2025-03-14 15:56:06Z INFO JobDispatcher] Stop renew job request for job ce292ddf-6a19-5c8d-b0d9-0f2ca3c46c38.
[2025-03-14 15:56:06Z INFO JobDispatcher] job renew has been cancelled, stop renew job ce292ddf-6a19-5c8d-b0d9-0f2ca3c46c38.
[2025-03-14 15:56:06Z INFO JobNotification] Entering JobCompleted Notification
[2025-03-14 15:56:06Z INFO JobNotification] Entering EndMonitor
[2025-03-14 15:56:06Z INFO MessageListener] Received job status event. JobState: Online
